[2018-07-01 10:52:35] local.ERROR: Please provide a valid cache path. {"exception":"[object] (InvalidArgumentException(code: 0): Please provide a valid cache path. at C:\\Users\\Aios\\Projects\\skeleton-api\\vendor\\laravel\\framework\\src\\Illuminate\\View\\Compilers\\Compiler.php:36)
[stacktrace]
#0 C:\\Users\\Aios\\Projects\\skeleton-api\\vendor\\laravel\\framework\\src\\Illuminate\\View\\ViewServiceProvider.php(141): Illuminate\\View\\Compilers\\Compiler->__construct(Object(Illuminate\\Filesystem\\Filesystem), false)
#1 C:\\Users\\Aios\\Projects\\skeleton-api\\vendor\\laravel\\framework\\src\\Illuminate\\Container\\Container.php(764): Illuminate\\View\\ViewServiceProvider->Illuminate\\View\\{closure}(Object(Illuminate\\Foundation\\Application), Array)
#2 C:\\Users\\Aios\\Projects\\skeleton-api\\vendor\\laravel\\framework\\src\\Illuminate\\Container\\Container.php(646): Illuminate\\Container\\Container->build(Object(Closure))
#3 C:\\Users\\Aios\\Projects\\skeleton-api\\vendor\\laravel\\framework\\src\\Illuminate\\Container\\Container.php(601): Illuminate\\Container\\Container->resolve('blade.compiler', Array)
#4 C:\\Users\\Aios\\Projects\\skeleton-api\\vendor\\laravel\\framework\\src\\Illuminate\\Foundation\\Application.php(734): Illuminate\\Container\\Container->make('blade.compiler', Array)
#5 C:\\Users\\Aios\\Projects\\skeleton-api\\vendor\\laravel\\framework\\src\\Illuminate\\Container\\Container.php(1210): Illuminate\\Foundation\\Application->make('blade.compiler')
#6 C:\\Users\\Aios\\Projects\\skeleton-api\\vendor\\laravel\\framework\\src\\Illuminate\\View\\ViewServiceProvider.php(146): Illuminate\\Container\\Container->offsetGet('blade.compiler')
#7 [internal function]: Illuminate\\View\\ViewServiceProvider->Illuminate\\View\\{closure}()
#8 C:\\Users\\Aios\\Projects\\skeleton-api\\vendor\\laravel\\framework\\src\\Illuminate\\View\\Engines\\EngineResolver.php(54): call_user_func(Object(Closure))
#9 C:\\Users\\Aios\\Projects\\skeleton-api\\vendor\\laravel\\framework\\src\\Illuminate\\Support\\Facades\\Blade.php(34): Illuminate\\View\\Engines\\EngineResolver->resolve('blade')
#10 C:\\Users\\Aios\\Projects\\skeleton-api\\vendor\\laravel\\framework\\src\\Illuminate\\Support\\Facades\\Facade.php(128): Illuminate\\Support\\Facades\\Blade::getFacadeAccessor()
#11 C:\\Users\\Aios\\Projects\\skeleton-api\\vendor\\laravel\\framework\\src\\Illuminate\\Support\\Facades\\Facade.php(215): Illuminate\\Support\\Facades\\Facade::getFacadeRoot()
#12 C:\\Users\\Aios\\Projects\\skeleton-api\\vendor\\santigarcor\\laratrust\\src\\Laratrust\\LaratrustRegistersBladeDirectives.php(41): Illuminate\\Support\\Facades\\Facade::__callStatic('directive', Array)
#13 C:\\Users\\Aios\\Projects\\skeleton-api\\vendor\\santigarcor\\laratrust\\src\\Laratrust\\LaratrustRegistersBladeDirectives.php(23): Laratrust\\LaratrustRegistersBladeDirectives->registerWithParenthesis()
#14 C:\\Users\\Aios\\Projects\\skeleton-api\\vendor\\santigarcor\\laratrust\\src\\Laratrust\\LaratrustServiceProvider.php(88): Laratrust\\LaratrustRegistersBladeDirectives->handle('5.6.26')
#15 C:\\Users\\Aios\\Projects\\skeleton-api\\vendor\\santigarcor\\laratrust\\src\\Laratrust\\LaratrustServiceProvider.php(63): Laratrust\\LaratrustServiceProvider->registerBladeDirectives()
#16 [internal function]: Laratrust\\LaratrustServiceProvider->boot()
#17 C:\\Users\\Aios\\Projects\\skeleton-api\\vendor\\laravel\\framework\\src\\Illuminate\\Container\\BoundMethod.php(29): call_user_func_array(Array, Array)
#18 C:\\Users\\Aios\\Projects\\skeleton-api\\vendor\\laravel\\framework\\src\\Illuminate\\Container\\BoundMethod.php(87): Illuminate\\Container\\BoundMethod::Illuminate\\Container\\{closure}()
#19 C:\\Users\\Aios\\Projects\\skeleton-api\\vendor\\laravel\\framework\\src\\Illuminate\\Container\\BoundMethod.php(31): Illuminate\\Container\\BoundMethod::callBoundMethod(Object(Illuminate\\Foundation\\Application), Array, Object(Closure))
#20 C:\\Users\\Aios\\Projects\\skeleton-api\\vendor\\laravel\\framework\\src\\Illuminate\\Container\\Container.php(564): Illuminate\\Container\\BoundMethod::call(Object(Illuminate\\Foundation\\Application), Array, Array, NULL)
#21 C:\\Users\\Aios\\Projects\\skeleton-api\\vendor\\laravel\\framework\\src\\Illuminate\\Foundation\\Application.php(794): Illuminate\\Container\\Container->call(Array)
#22 C:\\Users\\Aios\\Projects\\skeleton-api\\vendor\\laravel\\framework\\src\\Illuminate\\Foundation\\Application.php(777): Illuminate\\Foundation\\Application->bootProvider(Object(Laratrust\\LaratrustServiceProvider))
#23 [internal function]: Illuminate\\Foundation\\Application->Illuminate\\Foundation\\{closure}(Object(Laratrust\\LaratrustServiceProvider), 23)
#24 C:\\Users\\Aios\\Projects\\skeleton-api\\vendor\\laravel\\framework\\src\\Illuminate\\Foundation\\Application.php(778): array_walk(Array, Object(Closure))
#25 C:\\Users\\Aios\\Projects\\skeleton-api\\vendor\\laravel\\framework\\src\\Illuminate\\Foundation\\Bootstrap\\BootProviders.php(17): Illuminate\\Foundation\\Application->boot()
#26 C:\\Users\\Aios\\Projects\\skeleton-api\\vendor\\laravel\\framework\\src\\Illuminate\\Foundation\\Application.php(206): Illuminate\\Foundation\\Bootstrap\\BootProviders->bootstrap(Object(Illuminate\\Foundation\\Application))
#27 C:\\Users\\Aios\\Projects\\skeleton-api\\vendor\\laravel\\framework\\src\\Illuminate\\Foundation\\Console\\Kernel.php(297): Illuminate\\Foundation\\Application->bootstrapWith(Array)
#28 C:\\Users\\Aios\\Projects\\skeleton-api\\vendor\\laravel\\framework\\src\\Illuminate\\Foundation\\Console\\Kernel.php(120): Illuminate\\Foundation\\Console\\Kernel->bootstrap()
#29 C:\\Users\\Aios\\Projects\\skeleton-api\\artisan(35): Illuminate\\Foundation\\Console\\Kernel->handle(Object(Symfony\\Component\\Console\\Input\\ArgvInput), Object(Symfony\\Component\\Console\\Output\\ConsoleOutput))
#30 {main}
"} 
